<?xml version="1.0" encoding="UTF-8"?>
<!-- Generated by org.testng.reporters.JUnitReportReporter -->
<testsuite hostname="DESKTOP-O64CFS8" failures="0" tests="1" name="HelloWorld_Maven.TestHelloWorld" time="0.014" errors="0" timestamp="2024-03-11T16:06:00 GMT" skipped="0">
  <testcase classname="HelloWorld_Maven.TestHelloWorld" name="testhelloworld" time="0.014"/>
</testsuite> <!-- HelloWorld_Maven.TestHelloWorld -->
